<?xml version="1.0" encoding="UTF-8"?>
<testng-results skipped="0" failed="0" ignored="0" total="1" passed="1">
  <reporter-output>
  </reporter-output>
  <suite name="Cucumber Automation Test Suite" duration-ms="12814" started-at="2019-09-01T12:03:31 IST" finished-at="2019-09-01T12:03:44 IST">
    <groups>
    </groups>
    <test name="Naveen" duration-ms="12814" started-at="2019-09-01T12:03:31 IST" finished-at="2019-09-01T12:03:44 IST">
      <class name="com.johndeere.Automation.Invoke">
        <test-method status="PASS" signature="invokeApp()[pri:0, instance:com.johndeere.Automation.Invoke@52f759d7]" name="invokeApp" duration-ms="12783" started-at="2019-09-01T12:03:31 IST" finished-at="2019-09-01T12:03:44 IST">
          <reporter-output>
          </reporter-output>
        </test-method> <!-- invokeApp -->
      </class> <!-- com.johndeere.Automation.Invoke -->
    </test> <!-- Naveen -->
  </suite> <!-- Cucumber Automation Test Suite -->
</testng-results>
