<?xml version="1.0" encoding="UTF-8"?>
<testng-results skipped="0" failed="0" ignored="0" total="1" passed="1">
  <reporter-output>
  </reporter-output>
  <suite name="Cucumber Automation Test Suite" duration-ms="13116" started-at="2019-09-01T06:30:48Z" finished-at="2019-09-01T06:31:01Z">
    <groups>
    </groups>
    <test name="Naveen" duration-ms="13116" started-at="2019-09-01T06:30:48Z" finished-at="2019-09-01T06:31:01Z">
      <class name="com.johndeere.Automation.Invoke">
        <test-method status="PASS" signature="invokeApp()[pri:0, instance:com.johndeere.Automation.Invoke@13c27452]" name="invokeApp" duration-ms="13092" started-at="2019-09-01T06:30:48Z" finished-at="2019-09-01T06:31:01Z">
          <reporter-output>
          </reporter-output>
        </test-method> <!-- invokeApp -->
      </class> <!-- com.johndeere.Automation.Invoke -->
    </test> <!-- Naveen -->
  </suite> <!-- Cucumber Automation Test Suite -->
</testng-results>
